RUN	Petstore_Addtocart	petstore-addtocart	1617174286782	 	3.4.1
USER	AddToCart	START	1617174288618
REQUEST	PetStore_AddToCart_T01_LaunchURL	request_0	1617174288763	1617174289776	OK	 
GROUP	PetStore_AddToCart_T01_LaunchURL	1617174288714	1617174289866	1013	OK
REQUEST	PetStore_AddToCart_T02_ClickLogInButton	Login_1	1617174291876	1617174292164	OK	 
GROUP	PetStore_AddToCart_T02_ClickLogInButton	1617174291872	1617174292165	288	OK
REQUEST	PetStore_AddToCart_T03_ClickSignIn	Login_2	1617174294171	1617174294833	OK	 
GROUP	PetStore_AddToCart_T03_ClickSignIn	1617174294167	1617174294834	662	OK
REQUEST	PetStore_AddToCart_T04_SearchItem	request_19	1617174296836	1617174297470	OK	 
GROUP	PetStore_AddToCart_T04_SearchItem	1617174296835	1617174297471	634	OK
REQUEST	PetStore_AddToCart_T05_SelectItem	request_23	1617174299476	1617174299787	OK	 
GROUP	PetStore_AddToCart_T05_SelectItem	1617174299472	1617174299789	311	OK
REQUEST	PetStore_AddToCart_T06_ClickAddtoCart	request_27	1617174301790	1617174302383	OK	 
GROUP	PetStore_AddToCart_T06_ClickAddtoCart	1617174301789	1617174302385	593	OK
REQUEST	PetStore_AddToCart_T07_LogOut	request_31	1617174304387	1617174304972	OK	 
GROUP	PetStore_AddToCart_T07_LogOut	1617174304386	1617174304972	585	OK
REQUEST	PetStore_AddToCart_T01_LaunchURL	request_0	1617174304975	1617174305278	OK	 
GROUP	PetStore_AddToCart_T01_LaunchURL	1617174304975	1617174305280	303	OK
REQUEST	PetStore_AddToCart_T02_ClickLogInButton	Login_1	1617174307282	1617174307835	OK	 
GROUP	PetStore_AddToCart_T02_ClickLogInButton	1617174307281	1617174307836	553	OK
REQUEST	PetStore_AddToCart_T03_ClickSignIn	Login_2	1617174309838	1617174310399	OK	 
GROUP	PetStore_AddToCart_T03_ClickSignIn	1617174309837	1617174310399	561	OK
REQUEST	PetStore_AddToCart_T04_SearchItem	request_19	1617174312401	1617174312977	OK	 
GROUP	PetStore_AddToCart_T04_SearchItem	1617174312401	1617174312978	576	OK
REQUEST	PetStore_AddToCart_T05_SelectItem	request_23	1617174314979	1617174315361	OK	 
GROUP	PetStore_AddToCart_T05_SelectItem	1617174314979	1617174315362	382	OK
REQUEST	PetStore_AddToCart_T06_ClickAddtoCart	request_27	1617174317363	1617174317938	OK	 
GROUP	PetStore_AddToCart_T06_ClickAddtoCart	1617174317363	1617174317939	575	OK
REQUEST	PetStore_AddToCart_T07_LogOut	request_31	1617174319940	1617174320511	OK	 
GROUP	PetStore_AddToCart_T07_LogOut	1617174319940	1617174320512	571	OK
USER	AddToCart	END	1617174320514
