RUN	sample.petsearch_Correlation	petsearch-correlation	1606230740437	 	3.4.1
USER	petsearch	START	1606230742475
REQUEST	PetStore_S01_PetSearch_101_LaunchURL	request_1	1606230742524	1606230743441	OK	 
REQUEST	PetStore_S01_PetSearch_101_LaunchURL	request_7	1606230743577	1606230743827	KO	status.find.in(200,201,202,203,204,205,206,207,208,209,304), found 404
REQUEST	PetStore_S01_PetSearch_101_LaunchURL	request_10	1606230743580	1606230744087	KO	status.find.in(200,201,202,203,204,205,206,207,208,209,304), found 404
REQUEST	PetStore_S01_PetSearch_101_LaunchURL	request_6	1606230743582	1606230744090	KO	status.find.in(200,201,202,203,204,205,206,207,208,209,304), found 404
REQUEST	PetStore_S01_PetSearch_101_LaunchURL	request_4	1606230743588	1606230744093	KO	status.find.in(200,201,202,203,204,205,206,207,208,209,304), found 404
REQUEST	PetStore_S01_PetSearch_101_LaunchURL	request_15	1606230743583	1606230744101	OK	 
REQUEST	PetStore_S01_PetSearch_101_LaunchURL	request_3	1606230743592	1606230744187	KO	status.find.in(200,201,202,203,204,205,206,207,208,209,304), found 404
REQUEST	PetStore_S01_PetSearch_101_LaunchURL	request_9	1606230743591	1606230744191	KO	status.find.in(200,201,202,203,204,205,206,207,208,209,304), found 404
REQUEST	PetStore_S01_PetSearch_101_LaunchURL	request_5	1606230743589	1606230744344	OK	 
REQUEST	PetStore_S01_PetSearch_101_LaunchURL	request_8	1606230743585	1606230745202	KO	status.find.in(200,201,202,203,204,205,206,207,208,209,304), found 404
REQUEST	PetStore_S01_PetSearch_101_LaunchURL	request_2	1606230743586	1606230745452	OK	 
GROUP	PetStore_S01_PetSearch_101_LaunchURL	1606230742483	1606230745456	2807	KO
REQUEST	PetStore_S01_PetSearch_102_Login	request_16	1606230745457	1606230746410	OK	 
REQUEST	PetStore_S01_PetSearch_102_Login	request_17	1606230746412	1606230746704	OK	 
REQUEST	PetStore_S01_PetSearch_102_Login	request_19	1606230746707	1606230746966	OK	 
REQUEST	PetStore_S01_PetSearch_102_Login	request_18	1606230746714	1606230747003	OK	 
REQUEST	PetStore_S01_PetSearch_102_Login	request_21	1606230746711	1606230747208	OK	 
REQUEST	PetStore_S01_PetSearch_102_Login	request_20	1606230746715	1606230747299	OK	 
REQUEST	PetStore_S01_PetSearch_102_Login	request_24	1606230746708	1606230747411	OK	 
REQUEST	PetStore_S01_PetSearch_102_Login	request_23	1606230746717	1606230747435	OK	 
REQUEST	PetStore_S01_PetSearch_102_Login	request_22	1606230746718	1606230747846	OK	 
ERROR	request_28: Failed to build request: No attribute named 'pUsername' is defined 	1606230747851
GROUP	PetStore_S01_PetSearch_102_Login	1606230745456	1606230747851	2387	KO
REQUEST	PetStore_S01_PetSearch_103_SearchGoldfish	request_32	1606230747853	1606230748491	OK	 
REQUEST	PetStore_S01_PetSearch_103_SearchGoldfish	request_33	1606230748493	1606230748739	OK	 
GROUP	PetStore_S01_PetSearch_103_SearchGoldfish	1606230747851	1606230748740	886	OK
REQUEST	PetStore_S01_PetSearch_106_Logout	request_48	1606230748741	1606230749323	OK	 
GROUP	PetStore_S01_PetSearch_106_Logout	1606230748740	1606230749323	582	OK
USER	petsearch	END	1606230749326
