RUN	sample.petsearch_GroupTxn	petsearch-grouptxn	1607145877601	 	3.4.1
USER	petsearch	START	1607145879408
USER	petsearch	START	1607145879408
REQUEST	PetStore_S01_PetSearch_101_LaunchURL	LaunchURL_1	1607145879446	1607145880265	OK	 
REQUEST	PetStore_S01_PetSearch_101_LaunchURL	LaunchURL_1	1607145879446	1607145880324	OK	 
GROUP	PetStore_S01_PetSearch_101_LaunchURL	1607145879416	1607145880345	819	OK
GROUP	PetStore_S01_PetSearch_101_LaunchURL	1607145879416	1607145880345	878	OK
REQUEST	PetStore_S01_PetSearch_102_Login	Login_1	1607145880462	1607145880726	OK	 
REQUEST	PetStore_S01_PetSearch_102_Login	Login_1	1607145880462	1607145880748	OK	 
REQUEST	PetStore_S01_PetSearch_102_Login	Login_2	1607145880750	1607145881618	KO	status.find.in(200,201,202,203,204,205,206,207,208,209,304), found 500
REQUEST	PetStore_S01_PetSearch_102_Login	Login_2	1607145880739	1607145881624	KO	status.find.in(200,201,202,203,204,205,206,207,208,209,304), found 500
GROUP	PetStore_S01_PetSearch_102_Login	1607145880346	1607145881640	1149	KO
GROUP	PetStore_S01_PetSearch_102_Login	1607145880346	1607145881640	1154	KO
REQUEST	PetStore_S01_PetSearch_103_Searchfish	Searchfish_1	1607145881641	1607145882724	KO	status.find.in(200,201,202,203,204,205,206,207,208,209,304), found 500
GROUP	PetStore_S01_PetSearch_103_Searchfish	1607145881640	1607145882725	1083	KO
REQUEST	PetStore_S01_PetSearch_103_Searchfish	Searchfish_1	1607145881641	1607145882731	KO	status.find.in(200,201,202,203,204,205,206,207,208,209,304), found 500
GROUP	PetStore_S01_PetSearch_103_Searchfish	1607145881640	1607145882731	1090	KO
REQUEST	PetStore_S01_PetSearch_106_Logout	Logout_1	1607145882725	1607145883678	KO	status.find.in(200,201,202,203,204,205,206,207,208,209,304), found 500
GROUP	PetStore_S01_PetSearch_106_Logout	1607145882725	1607145883679	953	KO
USER	petsearch	END	1607145883681
REQUEST	PetStore_S01_PetSearch_106_Logout	Logout_1	1607145882732	1607145883686	KO	status.find.in(200,201,202,203,204,205,206,207,208,209,304), found 500
GROUP	PetStore_S01_PetSearch_106_Logout	1607145882731	1607145883687	954	KO
USER	petsearch	END	1607145883688
