RUN	sample.petsearch_Correlation	petsearch-correlation	1606225960471	 	3.4.1
USER	petsearch	START	1606225964728
REQUEST	PetStore_S01_PetSearch_101_LaunchURL	request_0	1606225964782	1606225966620	KO	regex(jsessionid=(.+?)" />).find.exists, found nothing
REQUEST	PetStore_S01_PetSearch_101_LaunchURL	request_1	1606225966697	1606225966988	OK	 
REQUEST	PetStore_S01_PetSearch_101_LaunchURL	request_13	1606225967033	1606225967560	OK	 
REQUEST	PetStore_S01_PetSearch_101_LaunchURL	request_3	1606225967056	1606225967589	OK	 
REQUEST	PetStore_S01_PetSearch_101_LaunchURL	request_5	1606225967029	1606225967750	OK	 
REQUEST	PetStore_S01_PetSearch_101_LaunchURL	request_4	1606225967050	1606225967808	OK	 
REQUEST	PetStore_S01_PetSearch_101_LaunchURL	request_11	1606225967065	1606225967816	OK	 
REQUEST	PetStore_S01_PetSearch_101_LaunchURL	request_14	1606225967079	1606225967820	OK	 
REQUEST	PetStore_S01_PetSearch_101_LaunchURL	request_15	1606225967082	1606225967824	OK	 
REQUEST	PetStore_S01_PetSearch_101_LaunchURL	request_6	1606225967037	1606225967909	OK	 
REQUEST	PetStore_S01_PetSearch_101_LaunchURL	request_2	1606225967060	1606225967938	OK	 
REQUEST	PetStore_S01_PetSearch_101_LaunchURL	request_8	1606225967047	1606225968070	OK	 
REQUEST	PetStore_S01_PetSearch_101_LaunchURL	request_7	1606225967070	1606225968082	OK	 
REQUEST	PetStore_S01_PetSearch_101_LaunchURL	request_10	1606225967040	1606225968086	OK	 
REQUEST	PetStore_S01_PetSearch_101_LaunchURL	request_12	1606225967074	1606225968090	OK	 
REQUEST	PetStore_S01_PetSearch_101_LaunchURL	request_9	1606225967043	1606225968299	OK	 
GROUP	PetStore_S01_PetSearch_101_LaunchURL	1606225964735	1606225968304	3419	KO
REQUEST	PetStore_S01_PetSearch_102_Login	request_16	1606225968305	1606225969227	OK	 
ERROR	Login_1: Failed to build request: No attribute named 'C_jsessionId' is defined 	1606225969234
ERROR	Login: Failed to build request: No attribute named 'C_ViewState' is defined 	1606225969240
GROUP	PetStore_S01_PetSearch_102_Login	1606225968304	1606225969240	922	KO
REQUEST	PetStore_S01_PetSearch_103_SearchGoldfish	request_32	1606225969243	1606225970156	KO	status.find.in(200,201,202,203,204,205,206,207,208,209,304), found 500
GROUP	PetStore_S01_PetSearch_103_SearchGoldfish	1606225969240	1606225970161	913	KO
REQUEST	PetStore_S01_PetSearch_104_SelectFemalepuppy	request_37	1606225970161	1606225970454	OK	 
REQUEST	PetStore_S01_PetSearch_104_SelectFemalepuppy	request_38	1606225970465	1606225970713	OK	 
REQUEST	PetStore_S01_PetSearch_104_SelectFemalepuppy	request_40	1606225970467	1606225970744	OK	 
REQUEST	PetStore_S01_PetSearch_104_SelectFemalepuppy	request_39	1606225970461	1606225970748	OK	 
GROUP	PetStore_S01_PetSearch_104_SelectFemalepuppy	1606225970161	1606225970749	586	OK
REQUEST	PetStore_S01_PetSearch_105_AddToCart	request_41	1606225970750	1606225971737	KO	status.find.in(200,201,202,203,204,205,206,207,208,209,304), found 500
GROUP	PetStore_S01_PetSearch_105_AddToCart	1606225970749	1606225971738	987	KO
REQUEST	PetStore_S01_PetSearch_106_Logout	request_48	1606225971739	1606225972496	KO	status.find.in(200,201,202,203,204,205,206,207,208,209,304), found 500
GROUP	PetStore_S01_PetSearch_106_Logout	1606225971738	1606225972497	757	KO
USER	petsearch	END	1606225972501
