RUN	sample.petsearch_GroupTxn	petsearch-grouptxn	1607960058210	 	3.4.1
USER	petsearch	START	1607960060290
USER	petsearch	START	1607960060290
REQUEST	PetStore_S01_PetSearch_101_LaunchURL	request_0	1607960060344	1607960061389	OK	 
REQUEST	PetStore_S01_PetSearch_101_LaunchURL	request_0	1607960060344	1607960061358	OK	 
GROUP	PetStore_S01_PetSearch_101_LaunchURL	1607960060297	1607960061402	1014	OK
GROUP	PetStore_S01_PetSearch_101_LaunchURL	1607960060297	1607960061402	1045	OK
REQUEST	PetStore_S01_PetSearch_102_Login	request_16	1607960061407	1607960062046	OK	 
REQUEST	PetStore_S01_PetSearch_102_Login	request_16	1607960061407	1607960062046	OK	 
REQUEST	PetStore_S01_PetSearch_102_Login	request_27	1607960062070	1607960063904	KO	status.find.in(200,201,202,203,204,205,206,207,208,209,304), found 500
GROUP	PetStore_S01_PetSearch_102_Login	1607960061403	1607960063928	2473	KO
REQUEST	PetStore_S01_PetSearch_102_Login	request_27	1607960062070	1607960063952	KO	status.find.in(200,201,202,203,204,205,206,207,208,209,304), found 500
GROUP	PetStore_S01_PetSearch_102_Login	1607960061403	1607960063954	2521	KO
REQUEST	PetStore_S01_PetSearch_103_Searchfish	request_31	1607960063929	1607960065261	KO	status.find.in(200,201,202,203,204,205,206,207,208,209,304), found 500
GROUP	PetStore_S01_PetSearch_103_Searchfish	1607960063928	1607960065262	1332	KO
REQUEST	PetStore_S01_PetSearch_103_Searchfish	request_31	1607960063955	1607960065271	KO	status.find.in(200,201,202,203,204,205,206,207,208,209,304), found 500
GROUP	PetStore_S01_PetSearch_103_Searchfish	1607960063954	1607960065273	1316	KO
REQUEST	PetStore_S01_PetSearch_106_Logout	request_38	1607960065262	1607960066279	KO	status.find.in(200,201,202,203,204,205,206,207,208,209,304), found 500
GROUP	PetStore_S01_PetSearch_106_Logout	1607960065262	1607960066281	1017	KO
USER	petsearch	END	1607960066288
REQUEST	PetStore_S01_PetSearch_106_Logout	request_38	1607960065273	1607960066322	KO	status.find.in(200,201,202,203,204,205,206,207,208,209,304), found 500
GROUP	PetStore_S01_PetSearch_106_Logout	1607960065273	1607960066323	1049	KO
USER	petsearch	END	1607960066324
