RUN	sample.petsearch_Correlation	petsearch-correlation	1610102211626	 	3.4.1
USER	petsearch	START	1610102214071
REQUEST	PetStore_S01_PetSearch_101_LaunchURL	LaunchURL_1	1610102214113	1610102214978	OK	 
GROUP	PetStore_S01_PetSearch_101_LaunchURL	1610102214078	1610102215103	865	OK
REQUEST	PetStore_S01_PetSearch_102_Login	Login_1	1610102215118	1610102215371	OK	 
REQUEST	PetStore_S01_PetSearch_102_Login	Login_2	1610102215380	1610102219253	OK	 
GROUP	PetStore_S01_PetSearch_102_Login	1610102215104	1610102219256	4126	OK
REQUEST	PetStore_S01_PetSearch_103_SearchGoldfish	Searchfish_1	1610102219257	1610102220023	OK	 
REQUEST	PetStore_S01_PetSearch_103_SearchGoldfish	request_33	1610102220044	1610102220296	OK	 
GROUP	PetStore_S01_PetSearch_103_SearchGoldfish	1610102219256	1610102220318	1049	OK
REQUEST	PetStore_S01_PetSearch_106_Logout	Logout_1	1610102220319	1610102221024	OK	 
GROUP	PetStore_S01_PetSearch_106_Logout	1610102220318	1610102221024	705	OK
REQUEST	PetStore_S01_PetSearch_101_LaunchURL	LaunchURL_1	1610102221025	1610102221309	KO	regex(jsessionid=(.+?)" />).find.exists, found nothing
GROUP	PetStore_S01_PetSearch_101_LaunchURL	1610102221025	1610102221327	284	KO
REQUEST	PetStore_S01_PetSearch_102_Login	Login_1	1610102221331	1610102221573	OK	 
REQUEST	PetStore_S01_PetSearch_102_Login	Login_2	1610102221577	1610102222253	OK	 
GROUP	PetStore_S01_PetSearch_102_Login	1610102221327	1610102222254	918	OK
REQUEST	PetStore_S01_PetSearch_103_SearchGoldfish	Searchfish_1	1610102222255	1610102222929	OK	 
GROUP	PetStore_S01_PetSearch_103_SearchGoldfish	1610102222254	1610102222933	675	OK
REQUEST	PetStore_S01_PetSearch_106_Logout	Logout_1	1610102222934	1610102223581	OK	 
GROUP	PetStore_S01_PetSearch_106_Logout	1610102222933	1610102223582	647	OK
USER	petsearch	END	1610102223584
