RUN	sample.petsearch_Correlation	petsearch-correlation	1609996811984	 	3.4.1
USER	petsearch	START	1609996814782
REQUEST	PetStore_S01_PetSearch_101_LaunchURL	LaunchURL_1	1609996814844	1609996815916	OK	 
GROUP	PetStore_S01_PetSearch_101_LaunchURL	1609996814792	1609996816056	1072	OK
REQUEST	PetStore_S01_PetSearch_102_Login	Login_1	1609996816075	1609996816331	OK	 
REQUEST	PetStore_S01_PetSearch_102_Login	Login_2	1609996816347	1609996820938	OK	 
GROUP	PetStore_S01_PetSearch_102_Login	1609996816058	1609996820940	4847	OK
REQUEST	PetStore_S01_PetSearch_103_SearchGoldfish	Searchfish_1	1609996820940	1609996821706	OK	 
REQUEST	PetStore_S01_PetSearch_103_SearchGoldfish	request_33	1609996821744	1609996821990	OK	 
GROUP	PetStore_S01_PetSearch_103_SearchGoldfish	1609996820940	1609996822024	1059	OK
REQUEST	PetStore_S01_PetSearch_106_Logout	Logout_1	1609996822026	1609996822951	OK	 
GROUP	PetStore_S01_PetSearch_106_Logout	1609996822024	1609996822952	925	OK
REQUEST	PetStore_S01_PetSearch_101_LaunchURL	LaunchURL_1	1609996822954	1609996823203	KO	regex(jsessionid=(.+?)" />).find.exists, found nothing
GROUP	PetStore_S01_PetSearch_101_LaunchURL	1609996822953	1609996823220	249	KO
REQUEST	PetStore_S01_PetSearch_102_Login	Login_1	1609996823222	1609996823478	OK	 
REQUEST	PetStore_S01_PetSearch_102_Login	Login_2	1609996823482	1609996824380	OK	 
GROUP	PetStore_S01_PetSearch_102_Login	1609996823220	1609996824382	1154	OK
REQUEST	PetStore_S01_PetSearch_103_SearchGoldfish	Searchfish_1	1609996824383	1609996825365	OK	 
GROUP	PetStore_S01_PetSearch_103_SearchGoldfish	1609996824382	1609996825370	983	OK
REQUEST	PetStore_S01_PetSearch_106_Logout	Logout_1	1609996825372	1609996826377	OK	 
GROUP	PetStore_S01_PetSearch_106_Logout	1609996825371	1609996826378	1005	OK
USER	petsearch	END	1609996826383
