RUN	sample.petsearch_GroupTxn	petsearch-grouptxn	1607139941642	 	3.4.1
USER	petsearch	START	1607139944537
USER	petsearch	START	1607139944537
REQUEST	PetStore_S01_PetSearch_101_LaunchURL	LaunchURL_1	1607139944604	1607139945677	OK	 
REQUEST	PetStore_S01_PetSearch_101_LaunchURL	LaunchURL_1	1607139944604	1607139945693	OK	 
GROUP	PetStore_S01_PetSearch_101_LaunchURL	1607139944550	1607139945938	1073	OK
GROUP	PetStore_S01_PetSearch_101_LaunchURL	1607139944550	1607139945938	1089	OK
REQUEST	PetStore_S01_PetSearch_102_Login	Login_1	1607139945948	1607139946228	OK	 
REQUEST	PetStore_S01_PetSearch_102_Login	Login_1	1607139945948	1607139946252	OK	 
REQUEST	PetStore_S01_PetSearch_102_Login	Login_2	1607139946247	1607139949841	KO	status.find.in(200,201,202,203,204,205,206,207,208,209,304), found 500
REQUEST	PetStore_S01_PetSearch_102_Login	Login_2	1607139946257	1607139949841	KO	status.find.in(200,201,202,203,204,205,206,207,208,209,304), found 500
GROUP	PetStore_S01_PetSearch_102_Login	1607139945940	1607139949866	3874	KO
GROUP	PetStore_S01_PetSearch_102_Login	1607139945940	1607139949866	3888	KO
REQUEST	PetStore_S01_PetSearch_103_Searchfish	Searchfish_1	1607139949867	1607139951428	KO	status.find.in(200,201,202,203,204,205,206,207,208,209,304), found 500
REQUEST	PetStore_S01_PetSearch_103_Searchfish	Searchfish_1	1607139949867	1607139951429	KO	status.find.in(200,201,202,203,204,205,206,207,208,209,304), found 500
GROUP	PetStore_S01_PetSearch_103_Searchfish	1607139949866	1607139951432	1561	KO
GROUP	PetStore_S01_PetSearch_103_Searchfish	1607139949866	1607139951433	1562	KO
REQUEST	PetStore_S01_PetSearch_106_Logout	Logout_1	1607139951435	1607139953001	KO	status.find.in(200,201,202,203,204,205,206,207,208,209,304), found 500
GROUP	PetStore_S01_PetSearch_106_Logout	1607139951433	1607139953004	1566	KO
REQUEST	PetStore_S01_PetSearch_106_Logout	Logout_1	1607139951435	1607139953003	KO	status.find.in(200,201,202,203,204,205,206,207,208,209,304), found 500
GROUP	PetStore_S01_PetSearch_106_Logout	1607139951433	1607139953006	1568	KO
USER	petsearch	END	1607139953014
USER	petsearch	END	1607139953014
