RUN	sample.petsearch_GroupTxn	petsearch-grouptxn	1606916509505	 	3.4.1
USER	petsearch	START	1606916511343
USER	petsearch	START	1606916511343
REQUEST	PetStore_S01_PetSearch_101_LaunchURL	LaunchURL_1	1606916511384	1606916512274	OK	 
REQUEST	PetStore_S01_PetSearch_101_LaunchURL	LaunchURL_1	1606916511384	1606916512274	OK	 
GROUP	PetStore_S01_PetSearch_101_LaunchURL	1606916511348	1606916512462	890	OK
GROUP	PetStore_S01_PetSearch_101_LaunchURL	1606916511348	1606916512462	890	OK
REQUEST	PetStore_S01_PetSearch_102_Login	Login_1	1606916512481	1606916512782	OK	 
REQUEST	PetStore_S01_PetSearch_102_Login	Login_1	1606916512485	1606916512784	OK	 
REQUEST	PetStore_S01_PetSearch_102_Login	Login_2	1606916512790	1606916514334	KO	status.find.in(200,201,202,203,204,205,206,207,208,209,304), found 500
GROUP	PetStore_S01_PetSearch_102_Login	1606916512470	1606916514348	1843	KO
REQUEST	PetStore_S01_PetSearch_102_Login	Login_2	1606916512790	1606916514336	KO	status.find.in(200,201,202,203,204,205,206,207,208,209,304), found 500
GROUP	PetStore_S01_PetSearch_102_Login	1606916512469	1606916514348	1847	KO
REQUEST	PetStore_S01_PetSearch_103_Searchfish	Searchfish_1	1606916514349	1606916515755	KO	status.find.in(200,201,202,203,204,205,206,207,208,209,304), found 500
GROUP	PetStore_S01_PetSearch_103_Searchfish	1606916514348	1606916515756	1406	KO
ERROR	Logout_1: Failed to build request: No attribute named 'C_Viewstate' is defined 	1606916515757
GROUP	PetStore_S01_PetSearch_106_Logout	1606916515756	1606916515757	0	KO
USER	petsearch	END	1606916515759
REQUEST	PetStore_S01_PetSearch_103_Searchfish	Searchfish_1	1606916514349	1606916515760	KO	status.find.in(200,201,202,203,204,205,206,207,208,209,304), found 500
GROUP	PetStore_S01_PetSearch_103_Searchfish	1606916514348	1606916515761	1411	KO
ERROR	Logout_1: Failed to build request: No attribute named 'C_Viewstate' is defined 	1606916515761
GROUP	PetStore_S01_PetSearch_106_Logout	1606916515761	1606916515761	0	KO
USER	petsearch	END	1606916515762
