RUN	sample.petsearch_GroupTxn	petsearch-grouptxn	1607958216073	 	3.4.1
USER	petsearch	START	1607958219534
USER	petsearch	START	1607958219534
REQUEST	PetStore_S01_PetSearch_101_LaunchURL	request_0	1607958219611	1607958220977	OK	 
GROUP	PetStore_S01_PetSearch_101_LaunchURL	1607958219545	1607958221036	1366	OK
REQUEST	PetStore_S01_PetSearch_102_Login	request_16	1607958221048	1607958221379	OK	 
REQUEST	PetStore_S01_PetSearch_101_LaunchURL	request_0	1607958219610	1607958222574	OK	 
GROUP	PetStore_S01_PetSearch_101_LaunchURL	1607958219545	1607958222575	2964	OK
REQUEST	PetStore_S01_PetSearch_102_Login	request_16	1607958222576	1607958223094	OK	 
REQUEST	PetStore_S01_PetSearch_102_Login	request_27	1607958223096	1607958223354	KO	status.find.in(200,201,202,203,204,205,206,207,208,209,304), found 500
GROUP	PetStore_S01_PetSearch_102_Login	1607958222575	1607958223401	776	KO
REQUEST	PetStore_S01_PetSearch_102_Login	request_27	1607958221494	1607958223607	KO	status.find.in(200,201,202,203,204,205,206,207,208,209,304), found 500
GROUP	PetStore_S01_PetSearch_102_Login	1607958221038	1607958223611	2444	KO
REQUEST	PetStore_S01_PetSearch_103_Searchfish	request_31	1607958223403	1607958225571	KO	status.find.in(200,201,202,203,204,205,206,207,208,209,304), found 500
GROUP	PetStore_S01_PetSearch_103_Searchfish	1607958223401	1607958225573	2168	KO
REQUEST	PetStore_S01_PetSearch_103_Searchfish	request_31	1607958223613	1607958225626	KO	status.find.in(200,201,202,203,204,205,206,207,208,209,304), found 500
GROUP	PetStore_S01_PetSearch_103_Searchfish	1607958223611	1607958225627	2013	KO
REQUEST	PetStore_S01_PetSearch_106_Logout	request_38	1607958225574	1607958227446	KO	status.find.in(200,201,202,203,204,205,206,207,208,209,304), found 500
GROUP	PetStore_S01_PetSearch_106_Logout	1607958225573	1607958227448	1872	KO
USER	petsearch	END	1607958227453
REQUEST	PetStore_S01_PetSearch_106_Logout	request_38	1607958225628	1607958227510	KO	status.find.in(200,201,202,203,204,205,206,207,208,209,304), found 500
GROUP	PetStore_S01_PetSearch_106_Logout	1607958225627	1607958227512	1882	KO
USER	petsearch	END	1607958227514
