RUN	sample.petsearch_GroupTxn	petsearch-grouptxn	1607959507408	 	3.4.1
USER	petsearch	START	1607959509435
USER	petsearch	START	1607959509435
REQUEST	PetStore_S01_PetSearch_101_LaunchURL	request_0	1607959509486	1607959510312	OK	 
REQUEST	PetStore_S01_PetSearch_101_LaunchURL	request_0	1607959509486	1607959510312	OK	 
GROUP	PetStore_S01_PetSearch_101_LaunchURL	1607959509442	1607959510470	826	OK
GROUP	PetStore_S01_PetSearch_101_LaunchURL	1607959509441	1607959510470	826	OK
REQUEST	PetStore_S01_PetSearch_102_Login	request_16	1607959510481	1607959510752	OK	 
REQUEST	PetStore_S01_PetSearch_102_Login	request_16	1607959510481	1607959510765	OK	 
REQUEST	PetStore_S01_PetSearch_102_Login	request_27	1607959510762	1607959511751	KO	status.find.in(200,201,202,203,204,205,206,207,208,209,304), found 500
REQUEST	PetStore_S01_PetSearch_102_Login	request_27	1607959510766	1607959511769	KO	status.find.in(200,201,202,203,204,205,206,207,208,209,304), found 500
GROUP	PetStore_S01_PetSearch_102_Login	1607959510472	1607959511776	1287	KO
GROUP	PetStore_S01_PetSearch_102_Login	1607959510472	1607959511776	1260	KO
REQUEST	PetStore_S01_PetSearch_103_Searchfish	request_31	1607959511777	1607959513251	KO	status.find.in(200,201,202,203,204,205,206,207,208,209,304), found 500
GROUP	PetStore_S01_PetSearch_103_Searchfish	1607959511776	1607959513253	1474	KO
REQUEST	PetStore_S01_PetSearch_103_Searchfish	request_31	1607959511777	1607959513265	KO	status.find.in(200,201,202,203,204,205,206,207,208,209,304), found 500
GROUP	PetStore_S01_PetSearch_103_Searchfish	1607959511776	1607959513266	1488	KO
REQUEST	PetStore_S01_PetSearch_106_Logout	request_38	1607959513254	1607959514114	KO	status.find.in(200,201,202,203,204,205,206,207,208,209,304), found 500
GROUP	PetStore_S01_PetSearch_106_Logout	1607959513253	1607959514116	860	KO
USER	petsearch	END	1607959514118
REQUEST	PetStore_S01_PetSearch_106_Logout	request_38	1607959513266	1607959514125	KO	status.find.in(200,201,202,203,204,205,206,207,208,209,304), found 500
GROUP	PetStore_S01_PetSearch_106_Logout	1607959513266	1607959514127	859	KO
USER	petsearch	END	1607959514128
