RUN	sample.petsearch_Correlation	petsearch-correlation	1606230543904	 	3.4.1
USER	petsearch	START	1606230545888
REQUEST	PetStore_S01_PetSearch_101_LaunchURL	request_1	1606230545925	1606230549828	OK	 
REQUEST	PetStore_S01_PetSearch_101_LaunchURL	request_9	1606230550009	1606230550511	KO	status.find.in(200,201,202,203,204,205,206,207,208,209,304), found 404
REQUEST	PetStore_S01_PetSearch_101_LaunchURL	request_4	1606230549998	1606230550527	KO	status.find.in(200,201,202,203,204,205,206,207,208,209,304), found 404
REQUEST	PetStore_S01_PetSearch_101_LaunchURL	request_7	1606230550003	1606230550529	KO	status.find.in(200,201,202,203,204,205,206,207,208,209,304), found 404
REQUEST	PetStore_S01_PetSearch_101_LaunchURL	request_8	1606230550017	1606230550532	KO	status.find.in(200,201,202,203,204,205,206,207,208,209,304), found 404
REQUEST	PetStore_S01_PetSearch_101_LaunchURL	request_10	1606230550001	1606230550562	KO	status.find.in(200,201,202,203,204,205,206,207,208,209,304), found 404
REQUEST	PetStore_S01_PetSearch_101_LaunchURL	request_3	1606230550018	1606230550564	KO	status.find.in(200,201,202,203,204,205,206,207,208,209,304), found 404
REQUEST	PetStore_S01_PetSearch_101_LaunchURL	request_15	1606230550006	1606230550580	OK	 
REQUEST	PetStore_S01_PetSearch_101_LaunchURL	request_6	1606230550012	1606230550618	KO	status.find.in(200,201,202,203,204,205,206,207,208,209,304), found 404
REQUEST	PetStore_S01_PetSearch_101_LaunchURL	request_5	1606230550014	1606230550762	OK	 
REQUEST	PetStore_S01_PetSearch_101_LaunchURL	request_2	1606230549995	1606230551204	OK	 
GROUP	PetStore_S01_PetSearch_101_LaunchURL	1606230545895	1606230551208	5139	KO
REQUEST	PetStore_S01_PetSearch_102_Login	request_16	1606230551209	1606230552146	OK	 
REQUEST	PetStore_S01_PetSearch_102_Login	request_17	1606230552148	1606230552416	OK	 
REQUEST	PetStore_S01_PetSearch_102_Login	request_18	1606230552421	1606230552665	OK	 
REQUEST	PetStore_S01_PetSearch_102_Login	request_19	1606230552441	1606230552688	OK	 
REQUEST	PetStore_S01_PetSearch_102_Login	request_20	1606230552424	1606230552926	OK	 
REQUEST	PetStore_S01_PetSearch_102_Login	request_21	1606230552430	1606230553231	OK	 
REQUEST	PetStore_S01_PetSearch_102_Login	request_24	1606230552437	1606230553292	OK	 
REQUEST	PetStore_S01_PetSearch_102_Login	request_22	1606230552433	1606230555262	OK	 
REQUEST	PetStore_S01_PetSearch_102_Login	request_23	1606230552435	1606230555937	OK	 
ERROR	request_28: Failed to build request: No attribute named 'pUsername' is defined 	1606230555943
GROUP	PetStore_S01_PetSearch_102_Login	1606230551208	1606230555943	4723	KO
REQUEST	PetStore_S01_PetSearch_103_SearchGoldfish	request_32	1606230555944	1606230558046	OK	 
REQUEST	PetStore_S01_PetSearch_103_SearchGoldfish	request_33	1606230558049	1606230558292	OK	 
GROUP	PetStore_S01_PetSearch_103_SearchGoldfish	1606230555943	1606230558293	2347	OK
REQUEST	PetStore_S01_PetSearch_106_Logout	request_48	1606230558294	1606230558921	KO	status.find.in(200,201,202,203,204,205,206,207,208,209,304), found 500
GROUP	PetStore_S01_PetSearch_106_Logout	1606230558294	1606230558923	627	KO
USER	petsearch	END	1606230558926
