RUN	sample.petsearch_GroupTxn	petsearch-grouptxn	1606229846699	 	3.4.1
USER	petsearch	START	1606229848774
REQUEST	PetStore_S01_PetSearch_101_LaunchURL	request_1	1606229848809	1606229849630	OK	 
REQUEST	PetStore_S01_PetSearch_101_LaunchURL	request_3	1606229849761	1606229850292	OK	 
REQUEST	PetStore_S01_PetSearch_101_LaunchURL	request_10	1606229849751	1606229850509	OK	 
REQUEST	PetStore_S01_PetSearch_101_LaunchURL	request_2	1606229849764	1606229850527	OK	 
REQUEST	PetStore_S01_PetSearch_101_LaunchURL	request_9	1606229849769	1606229851183	OK	 
REQUEST	PetStore_S01_PetSearch_101_LaunchURL	request_6	1606229849756	1606229851219	OK	 
REQUEST	PetStore_S01_PetSearch_101_LaunchURL	request_7	1606229849767	1606229851737	OK	 
REQUEST	PetStore_S01_PetSearch_101_LaunchURL	request_5	1606229849754	1606229852383	OK	 
REQUEST	PetStore_S01_PetSearch_101_LaunchURL	request_4	1606229849771	1606229853269	OK	 
REQUEST	PetStore_S01_PetSearch_101_LaunchURL	request_8	1606229849748	1606229853682	OK	 
REQUEST	PetStore_S01_PetSearch_101_LaunchURL	request_15	1606229849759	1606229854153	OK	 
GROUP	PetStore_S01_PetSearch_101_LaunchURL	1606229848780	1606229854154	5240	OK
REQUEST	PetStore_S01_PetSearch_102_Login	request_16	1606229854155	1606229855109	OK	 
REQUEST	PetStore_S01_PetSearch_102_Login	request_17	1606229855111	1606229855379	OK	 
REQUEST	PetStore_S01_PetSearch_102_Login	request_19	1606229855389	1606229855678	OK	 
REQUEST	PetStore_S01_PetSearch_102_Login	request_21	1606229855386	1606229855873	OK	 
REQUEST	PetStore_S01_PetSearch_102_Login	request_20	1606229855395	1606229855877	OK	 
REQUEST	PetStore_S01_PetSearch_102_Login	request_24	1606229855398	1606229856121	OK	 
REQUEST	PetStore_S01_PetSearch_102_Login	request_18	1606229855406	1606229856130	OK	 
REQUEST	PetStore_S01_PetSearch_102_Login	request_23	1606229855403	1606229856135	OK	 
REQUEST	PetStore_S01_PetSearch_102_Login	request_22	1606229855392	1606229856837	OK	 
REQUEST	PetStore_S01_PetSearch_102_Login	request_28	1606229856848	1606229857653	KO	status.find.in(200,201,202,203,204,205,206,207,208,209,304), found 500
GROUP	PetStore_S01_PetSearch_102_Login	1606229854154	1606229857662	3485	KO
REQUEST	PetStore_S01_PetSearch_103_SearchGoldfish	request_32	1606229857663	1606229858342	KO	status.find.in(200,201,202,203,204,205,206,207,208,209,304), found 500
GROUP	PetStore_S01_PetSearch_103_SearchGoldfish	1606229857662	1606229858343	679	KO
REQUEST	PetStore_S01_PetSearch_106_Logout	request_48	1606229858344	1606229859045	KO	status.find.in(200,201,202,203,204,205,206,207,208,209,304), found 500
GROUP	PetStore_S01_PetSearch_106_Logout	1606229858344	1606229859046	701	KO
USER	petsearch	END	1606229859054
