RUN	sample.petsearch_GroupTxn	petsearch-grouptxn	1607010288889	 	3.4.1
USER	petsearch	START	1607010290868
USER	petsearch	START	1607010290868
REQUEST	PetStore_S01_PetSearch_101_LaunchURL	LaunchURL_1	1607010290904	1607010291801	OK	 
GROUP	PetStore_S01_PetSearch_101_LaunchURL	1607010290875	1607010291901	897	OK
REQUEST	PetStore_S01_PetSearch_102_Login	Login_1	1607010291908	1607010292307	OK	 
REQUEST	PetStore_S01_PetSearch_102_Login	Login_2	1607010292311	1607010293236	KO	status.find.in(200,201,202,203,204,205,206,207,208,209,304), found 500
GROUP	PetStore_S01_PetSearch_102_Login	1607010291902	1607010293245	1324	KO
REQUEST	PetStore_S01_PetSearch_103_Searchfish	Searchfish_1	1607010293246	1607010293820	KO	status.find.in(200,201,202,203,204,205,206,207,208,209,304), found 500
GROUP	PetStore_S01_PetSearch_103_Searchfish	1607010293245	1607010293821	574	KO
REQUEST	PetStore_S01_PetSearch_106_Logout	Logout_1	1607010293822	1607010294413	KO	status.find.in(200,201,202,203,204,205,206,207,208,209,304), found 500
GROUP	PetStore_S01_PetSearch_106_Logout	1607010293821	1607010294414	591	KO
USER	petsearch	END	1607010294416
REQUEST	PetStore_S01_PetSearch_101_LaunchURL	LaunchURL_1	1607010290904	1607010294681	OK	 
GROUP	PetStore_S01_PetSearch_101_LaunchURL	1607010290875	1607010294682	3777	OK
REQUEST	PetStore_S01_PetSearch_102_Login	Login_1	1607010294682	1607010295007	OK	 
REQUEST	PetStore_S01_PetSearch_102_Login	Login_2	1607010295008	1607010295519	KO	status.find.in(200,201,202,203,204,205,206,207,208,209,304), found 500
GROUP	PetStore_S01_PetSearch_102_Login	1607010294682	1607010295520	836	KO
REQUEST	PetStore_S01_PetSearch_103_Searchfish	Searchfish_1	1607010295521	1607010295784	KO	status.find.in(200,201,202,203,204,205,206,207,208,209,304), found 500
GROUP	PetStore_S01_PetSearch_103_Searchfish	1607010295520	1607010295786	263	KO
REQUEST	PetStore_S01_PetSearch_106_Logout	Logout_1	1607010295786	1607010296045	KO	status.find.in(200,201,202,203,204,205,206,207,208,209,304), found 500
GROUP	PetStore_S01_PetSearch_106_Logout	1607010295786	1607010296046	259	KO
USER	petsearch	END	1607010296046
