RUN	sample.petsearch_Correlation	petsearch-correlation	1617168481346	 	3.4.1
USER	petsearch	START	1617168483335
REQUEST	PetStore_S01_PetSearch_101_LaunchURL	LaunchURL_1	1617168483389	1617168484571	OK	 
GROUP	PetStore_S01_PetSearch_101_LaunchURL	1617168483345	1617168484737	1182	OK
REQUEST	PetStore_S01_PetSearch_102_Login	Login_1	1617168484755	1617168485070	OK	 
REQUEST	PetStore_S01_PetSearch_102_Login	Login_2	1617168485079	1617168486094	OK	 
GROUP	PetStore_S01_PetSearch_102_Login	1617168484739	1617168486096	1330	OK
REQUEST	PetStore_S01_PetSearch_103_SearchGoldfish	Searchfish_1	1617168486097	1617168487118	OK	 
REQUEST	PetStore_S01_PetSearch_103_SearchGoldfish	request_33	1617168487175	1617168487529	OK	 
GROUP	PetStore_S01_PetSearch_103_SearchGoldfish	1617168486096	1617168487559	1427	OK
REQUEST	PetStore_S01_PetSearch_106_Logout	Logout_1	1617168487561	1617168488473	OK	 
GROUP	PetStore_S01_PetSearch_106_Logout	1617168487559	1617168488474	912	OK
REQUEST	PetStore_S01_PetSearch_101_LaunchURL	LaunchURL_1	1617168488477	1617168488860	KO	regex(jsessionid=(.+?)" />).find.exists, found nothing
GROUP	PetStore_S01_PetSearch_101_LaunchURL	1617168488476	1617168488877	383	KO
REQUEST	PetStore_S01_PetSearch_102_Login	Login_1	1617168488879	1617168489266	OK	 
REQUEST	PetStore_S01_PetSearch_102_Login	Login_2	1617168489269	1617168490194	OK	 
GROUP	PetStore_S01_PetSearch_102_Login	1617168488877	1617168490195	1312	OK
REQUEST	PetStore_S01_PetSearch_103_SearchGoldfish	Searchfish_1	1617168490196	1617168491114	OK	 
GROUP	PetStore_S01_PetSearch_103_SearchGoldfish	1617168490195	1617168491119	919	OK
REQUEST	PetStore_S01_PetSearch_106_Logout	Logout_1	1617168491120	1617168492031	OK	 
GROUP	PetStore_S01_PetSearch_106_Logout	1617168491119	1617168492032	911	OK
USER	petsearch	END	1617168492038
