RUN	sample.Petstore_Search	petstore-search	1617170521111	 	3.4.1
USER	petsearch	START	1617170522717
REQUEST	PetStore_S01_PetSearch_101_LaunchURL	LaunchURL_1	1617170522748	1617170523689	OK	 
GROUP	PetStore_S01_PetSearch_101_LaunchURL	1617170522722	1617170523740	941	OK
REQUEST	PetStore_S01_PetSearch_102_Login	Login_1	1617170523754	1617170524049	OK	 
REQUEST	PetStore_S01_PetSearch_102_Login	Login_2	1617170524079	1617170524822	OK	 
GROUP	PetStore_S01_PetSearch_102_Login	1617170523741	1617170524823	1038	OK
REQUEST	PetStore_S01_PetSearch_103_SearchGoldfish	Searchfish_1	1617170524824	1617170525583	OK	 
REQUEST	PetStore_S01_PetSearch_103_SearchGoldfish	request_33	1617170525597	1617170525877	OK	 
GROUP	PetStore_S01_PetSearch_103_SearchGoldfish	1617170524823	1617170525889	1057	OK
REQUEST	PetStore_S01_PetSearch_106_Logout	Logout_1	1617170525890	1617170526572	OK	 
GROUP	PetStore_S01_PetSearch_106_Logout	1617170525889	1617170526572	682	OK
REQUEST	PetStore_S01_PetSearch_101_LaunchURL	LaunchURL_1	1617170526574	1617170526904	OK	 
GROUP	PetStore_S01_PetSearch_101_LaunchURL	1617170526573	1617170526904	330	OK
REQUEST	PetStore_S01_PetSearch_102_Login	Login_1	1617170526905	1617170527200	OK	 
REQUEST	PetStore_S01_PetSearch_102_Login	Login_2	1617170527202	1617170527846	OK	 
GROUP	PetStore_S01_PetSearch_102_Login	1617170526904	1617170527847	939	OK
REQUEST	PetStore_S01_PetSearch_103_SearchGoldfish	Searchfish_1	1617170527848	1617170528483	OK	 
GROUP	PetStore_S01_PetSearch_103_SearchGoldfish	1617170527847	1617170528486	636	OK
REQUEST	PetStore_S01_PetSearch_106_Logout	Logout_1	1617170528487	1617170529082	OK	 
GROUP	PetStore_S01_PetSearch_106_Logout	1617170528486	1617170529083	595	OK
USER	petsearch	END	1617170529085
