RUN	sample.petsearch_PausePacing	petsearch-pausepacing	1607001757024	 	3.4.1
USER	petsearch	START	1607001758964
REQUEST	PetStore_S01_PetSearch_101_LaunchURL	LaunchURL_1	1607001759015	1607001760064	OK	 
GROUP	PetStore_S01_PetSearch_101_LaunchURL	1607001758971	1607001760160	1049	OK
REQUEST	PetStore_S01_PetSearch_102_Login	Login_1	1607001765176	1607001765467	OK	 
REQUEST	PetStore_S01_PetSearch_102_Login	Login_2	1607001765475	1607001766303	OK	 
GROUP	PetStore_S01_PetSearch_102_Login	1607001765167	1607001766304	1119	OK
REQUEST	PetStore_S01_PetSearch_103_SearchGoldfish	Searchfish_1	1607001770305	1607001771051	OK	 
REQUEST	PetStore_S01_PetSearch_103_SearchGoldfish	request_33	1607001771072	1607001771353	OK	 
GROUP	PetStore_S01_PetSearch_103_SearchGoldfish	1607001770304	1607001771362	1044	OK
REQUEST	PetStore_S01_PetSearch_106_Logout	Logout_1	1607001771363	1607001772204	OK	 
GROUP	PetStore_S01_PetSearch_106_Logout	1607001771362	1607001772204	841	OK
REQUEST	PetStore_S01_PetSearch_101_LaunchURL	LaunchURL_1	1607001778989	1607001779302	KO	regex(jsessionid=(.+?)" />).find.exists, found nothing
GROUP	PetStore_S01_PetSearch_101_LaunchURL	1607001778989	1607001779315	313	KO
REQUEST	PetStore_S01_PetSearch_102_Login	Login_1	1607001784318	1607001784620	OK	 
REQUEST	PetStore_S01_PetSearch_102_Login	Login_2	1607001784622	1607001785301	OK	 
GROUP	PetStore_S01_PetSearch_102_Login	1607001784316	1607001785302	981	OK
REQUEST	PetStore_S01_PetSearch_103_SearchGoldfish	Searchfish_1	1607001789305	1607001790108	OK	 
GROUP	PetStore_S01_PetSearch_103_SearchGoldfish	1607001789304	1607001790115	804	OK
REQUEST	PetStore_S01_PetSearch_106_Logout	Logout_1	1607001790116	1607001790923	OK	 
GROUP	PetStore_S01_PetSearch_106_Logout	1607001790115	1607001790924	807	OK
USER	petsearch	END	1607001790933
