RUN	sample.petsearch_GroupTxn	petsearch-grouptxn	1607145568190	 	3.4.1
USER	petsearch	START	1607145570074
USER	petsearch	START	1607145570074
REQUEST	PetStore_S01_PetSearch_101_LaunchURL	LaunchURL_1	1607145570114	1607145571051	OK	 
REQUEST	PetStore_S01_PetSearch_101_LaunchURL	LaunchURL_1	1607145570114	1607145571051	OK	 
GROUP	PetStore_S01_PetSearch_101_LaunchURL	1607145570079	1607145571138	937	OK
GROUP	PetStore_S01_PetSearch_101_LaunchURL	1607145570079	1607145571138	937	OK
REQUEST	PetStore_S01_PetSearch_102_Login	Login_1	1607145571144	1607145571404	OK	 
REQUEST	PetStore_S01_PetSearch_102_Login	Login_1	1607145571144	1607145571407	OK	 
ERROR	Login_2: Failed to build request: No attribute named 'C_ViewState' is defined 	1607145571412
ERROR	Login_2: Failed to build request: No attribute named 'C_ViewState' is defined 	1607145571412
GROUP	PetStore_S01_PetSearch_102_Login	1607145571139	1607145571413	260	KO
GROUP	PetStore_S01_PetSearch_102_Login	1607145571139	1607145571413	263	KO
REQUEST	PetStore_S01_PetSearch_103_Searchfish	Searchfish_1	1607145571415	1607145572348	KO	status.find.in(200,201,202,203,204,205,206,207,208,209,304), found 500
GROUP	PetStore_S01_PetSearch_103_Searchfish	1607145571413	1607145572377	933	KO
REQUEST	PetStore_S01_PetSearch_103_Searchfish	Searchfish_1	1607145571415	1607145572392	KO	status.find.in(200,201,202,203,204,205,206,207,208,209,304), found 500
GROUP	PetStore_S01_PetSearch_103_Searchfish	1607145571413	1607145572394	977	KO
REQUEST	PetStore_S01_PetSearch_106_Logout	Logout_1	1607145572379	1607145573343	KO	status.find.in(200,201,202,203,204,205,206,207,208,209,304), found 500
GROUP	PetStore_S01_PetSearch_106_Logout	1607145572377	1607145573344	964	KO
REQUEST	PetStore_S01_PetSearch_106_Logout	Logout_1	1607145572395	1607145573343	KO	status.find.in(200,201,202,203,204,205,206,207,208,209,304), found 500
GROUP	PetStore_S01_PetSearch_106_Logout	1607145572394	1607145573345	948	KO
USER	petsearch	END	1607145573349
USER	petsearch	END	1607145573349
