RUN	sample.petsearch_PausePacing	petsearch-pausepacing	1607001538765	 	3.4.1
USER	petsearch	START	1607001540642
USER	petsearch	START	1607001540642
REQUEST	PetStore_S01_PetSearch_101_LaunchURL	LaunchURL_1	1607001540727	1607001541579	OK	 
GROUP	PetStore_S01_PetSearch_101_LaunchURL	1607001540650	1607001541678	852	OK
REQUEST	PetStore_S01_PetSearch_101_LaunchURL	LaunchURL_1	1607001540727	1607001541577	OK	 
GROUP	PetStore_S01_PetSearch_101_LaunchURL	1607001540650	1607001541699	850	OK
REQUEST	PetStore_S01_PetSearch_102_Login	Login_1	1607001546712	1607001547005	OK	 
REQUEST	PetStore_S01_PetSearch_102_Login	Login_1	1607001546712	1607001547052	OK	 
REQUEST	PetStore_S01_PetSearch_102_Login	Login_2	1607001547056	1607001548058	OK	 
GROUP	PetStore_S01_PetSearch_102_Login	1607001546705	1607001548059	1342	OK
REQUEST	PetStore_S01_PetSearch_102_Login	Login_2	1607001547009	1607001548298	OK	 
GROUP	PetStore_S01_PetSearch_102_Login	1607001546709	1607001548298	1582	OK
REQUEST	PetStore_S01_PetSearch_103_SearchGoldfish	Searchfish_1	1607001552061	1607001552754	OK	 
REQUEST	PetStore_S01_PetSearch_103_SearchGoldfish	request_33	1607001552769	1607001553039	OK	 
GROUP	PetStore_S01_PetSearch_103_SearchGoldfish	1607001552060	1607001553058	988	OK
REQUEST	PetStore_S01_PetSearch_103_SearchGoldfish	Searchfish_1	1607001552300	1607001553183	OK	 
REQUEST	PetStore_S01_PetSearch_103_SearchGoldfish	request_33	1607001553186	1607001553451	OK	 
GROUP	PetStore_S01_PetSearch_103_SearchGoldfish	1607001552300	1607001553453	1150	OK
REQUEST	PetStore_S01_PetSearch_106_Logout	Logout_1	1607001553059	1607001553727	OK	 
GROUP	PetStore_S01_PetSearch_106_Logout	1607001553058	1607001553729	668	OK
USER	petsearch	END	1607001553737
REQUEST	PetStore_S01_PetSearch_106_Logout	Logout_1	1607001553454	1607001554178	OK	 
GROUP	PetStore_S01_PetSearch_106_Logout	1607001553453	1607001554179	724	OK
USER	petsearch	END	1607001554179
